Analysis & Synthesis report for pong
Tue May  7 18:15:11 2019
Quartus Prime Version 18.0.0 Build 614 04/24/2018 SJ Lite Edition


---------------------
; Table of Contents ;
---------------------
  1. Legal Notice
  2. Analysis & Synthesis Summary
  3. Analysis & Synthesis Settings
  4. Parallel Compilation
  5. Analysis & Synthesis Source Files Read
  6. Analysis & Synthesis Resource Usage Summary
  7. Analysis & Synthesis Resource Utilization by Entity
  8. Registers Removed During Synthesis
  9. Removed Registers Triggering Further Register Optimizations
 10. General Register Statistics
 11. Multiplexer Restructuring Statistics (Restructuring Performed)
 12. Parameter Settings for User Entity Instance: movement_full:movementFullY
 13. Parameter Settings for User Entity Instance: movement_full:movementFullY|movement:mov
 14. Parameter Settings for User Entity Instance: movement_full:movementFullX
 15. Parameter Settings for User Entity Instance: movement_full:movementFullX|movement:mov
 16. Port Connectivity Checks: "bat:userBat"
 17. Port Connectivity Checks: "score:gameScore"
 18. Port Connectivity Checks: "movement_full:movementFullX"
 19. Port Connectivity Checks: "movement_full:movementFullY"
 20. Post-Synthesis Netlist Statistics for Top Partition
 21. Elapsed Time Per Partition
 22. Analysis & Synthesis Messages



----------------
; Legal Notice ;
----------------
Copyright (C) 2018  Intel Corporation. All rights reserved.
Your use of Intel Corporation's design tools, logic functions 
and other software and tools, and its AMPP partner logic 
functions, and any output files from any of the foregoing 
(including device programming or simulation files), and any 
associated documentation or information are expressly subject 
to the terms and conditions of the Intel Program License 
Subscription Agreement, the Intel Quartus Prime License Agreement,
the Intel FPGA IP License Agreement, or other applicable license
agreement, including, without limitation, that your use is for
the sole purpose of programming logic devices manufactured by
Intel and sold by Intel or its authorized distributors.  Please
refer to the applicable agreement for further details.



+----------------------------------------------------------------------------------+
; Analysis & Synthesis Summary                                                     ;
+------------------------------------+---------------------------------------------+
; Analysis & Synthesis Status        ; Successful - Tue May  7 18:15:11 2019       ;
; Quartus Prime Version              ; 18.0.0 Build 614 04/24/2018 SJ Lite Edition ;
; Revision Name                      ; pong                                        ;
; Top-level Entity Name              ; pong                                        ;
; Family                             ; Cyclone IV E                                ;
; Total logic elements               ; 223                                         ;
;     Total combinational functions  ; 223                                         ;
;     Dedicated logic registers      ; 62                                          ;
; Total registers                    ; 62                                          ;
; Total pins                         ; 128                                         ;
; Total virtual pins                 ; 0                                           ;
; Total memory bits                  ; 0                                           ;
; Embedded Multiplier 9-bit elements ; 0                                           ;
; Total PLLs                         ; 0                                           ;
+------------------------------------+---------------------------------------------+


+------------------------------------------------------------------------------------------------------------+
; Analysis & Synthesis Settings                                                                              ;
+------------------------------------------------------------------+--------------------+--------------------+
; Option                                                           ; Setting            ; Default Value      ;
+------------------------------------------------------------------+--------------------+--------------------+
; Device                                                           ; EP4CE30F23C8       ;                    ;
; Top-level entity name                                            ; pong               ; pong               ;
; Family name                                                      ; Cyclone IV E       ; Cyclone V          ;
; Use smart compilation                                            ; Off                ; Off                ;
; Enable parallel Assembler and Timing Analyzer during compilation ; On                 ; On                 ;
; Enable compact report table                                      ; Off                ; Off                ;
; Restructure Multiplexers                                         ; Auto               ; Auto               ;
; Create Debugging Nodes for IP Cores                              ; Off                ; Off                ;
; Preserve fewer node names                                        ; On                 ; On                 ;
; Intel FPGA IP Evaluation Mode                                    ; Enable             ; Enable             ;
; Verilog Version                                                  ; Verilog_2001       ; Verilog_2001       ;
; VHDL Version                                                     ; VHDL_1993          ; VHDL_1993          ;
; State Machine Processing                                         ; Auto               ; Auto               ;
; Safe State Machine                                               ; Off                ; Off                ;
; Extract Verilog State Machines                                   ; On                 ; On                 ;
; Extract VHDL State Machines                                      ; On                 ; On                 ;
; Ignore Verilog initial constructs                                ; Off                ; Off                ;
; Iteration limit for constant Verilog loops                       ; 5000               ; 5000               ;
; Iteration limit for non-constant Verilog loops                   ; 250                ; 250                ;
; Add Pass-Through Logic to Inferred RAMs                          ; On                 ; On                 ;
; Infer RAMs from Raw Logic                                        ; On                 ; On                 ;
; Parallel Synthesis                                               ; On                 ; On                 ;
; DSP Block Balancing                                              ; Auto               ; Auto               ;
; NOT Gate Push-Back                                               ; On                 ; On                 ;
; Power-Up Don't Care                                              ; On                 ; On                 ;
; Remove Redundant Logic Cells                                     ; Off                ; Off                ;
; Remove Duplicate Registers                                       ; On                 ; On                 ;
; Ignore CARRY Buffers                                             ; Off                ; Off                ;
; Ignore CASCADE Buffers                                           ; Off                ; Off                ;
; Ignore GLOBAL Buffers                                            ; Off                ; Off                ;
; Ignore ROW GLOBAL Buffers                                        ; Off                ; Off                ;
; Ignore LCELL Buffers                                             ; Off                ; Off                ;
; Ignore SOFT Buffers                                              ; On                 ; On                 ;
; Limit AHDL Integers to 32 Bits                                   ; Off                ; Off                ;
; Optimization Technique                                           ; Balanced           ; Balanced           ;
; Carry Chain Length                                               ; 70                 ; 70                 ;
; Auto Carry Chains                                                ; On                 ; On                 ;
; Auto Open-Drain Pins                                             ; On                 ; On                 ;
; Perform WYSIWYG Primitive Resynthesis                            ; Off                ; Off                ;
; Auto ROM Replacement                                             ; On                 ; On                 ;
; Auto RAM Replacement                                             ; On                 ; On                 ;
; Auto DSP Block Replacement                                       ; On                 ; On                 ;
; Auto Shift Register Replacement                                  ; Auto               ; Auto               ;
; Allow Shift Register Merging across Hierarchies                  ; Auto               ; Auto               ;
; Auto Clock Enable Replacement                                    ; On                 ; On                 ;
; Strict RAM Replacement                                           ; Off                ; Off                ;
; Allow Synchronous Control Signals                                ; On                 ; On                 ;
; Force Use of Synchronous Clear Signals                           ; Off                ; Off                ;
; Auto RAM Block Balancing                                         ; On                 ; On                 ;
; Auto RAM to Logic Cell Conversion                                ; Off                ; Off                ;
; Auto Resource Sharing                                            ; Off                ; Off                ;
; Allow Any RAM Size For Recognition                               ; Off                ; Off                ;
; Allow Any ROM Size For Recognition                               ; Off                ; Off                ;
; Allow Any Shift Register Size For Recognition                    ; Off                ; Off                ;
; Use LogicLock Constraints during Resource Balancing              ; On                 ; On                 ;
; Ignore translate_off and synthesis_off directives                ; Off                ; Off                ;
; Timing-Driven Synthesis                                          ; On                 ; On                 ;
; Report Parameter Settings                                        ; On                 ; On                 ;
; Report Source Assignments                                        ; On                 ; On                 ;
; Report Connectivity Checks                                       ; On                 ; On                 ;
; Ignore Maximum Fan-Out Assignments                               ; Off                ; Off                ;
; Synchronization Register Chain Length                            ; 2                  ; 2                  ;
; Power Optimization During Synthesis                              ; Normal compilation ; Normal compilation ;
; HDL message level                                                ; Level2             ; Level2             ;
; Suppress Register Optimization Related Messages                  ; Off                ; Off                ;
; Number of Removed Registers Reported in Synthesis Report         ; 5000               ; 5000               ;
; Number of Swept Nodes Reported in Synthesis Report               ; 5000               ; 5000               ;
; Number of Inverted Registers Reported in Synthesis Report        ; 100                ; 100                ;
; Clock MUX Protection                                             ; On                 ; On                 ;
; Auto Gated Clock Conversion                                      ; Off                ; Off                ;
; Block Design Naming                                              ; Auto               ; Auto               ;
; SDC constraint protection                                        ; Off                ; Off                ;
; Synthesis Effort                                                 ; Auto               ; Auto               ;
; Shift Register Replacement - Allow Asynchronous Clear Signal     ; On                 ; On                 ;
; Pre-Mapping Resynthesis Optimization                             ; Off                ; Off                ;
; Analysis & Synthesis Message Level                               ; Medium             ; Medium             ;
; Disable Register Merging Across Hierarchies                      ; Auto               ; Auto               ;
; Resource Aware Inference For Block RAM                           ; On                 ; On                 ;
+------------------------------------------------------------------+--------------------+--------------------+


+------------------------------------------+
; Parallel Compilation                     ;
+----------------------------+-------------+
; Processors                 ; Number      ;
+----------------------------+-------------+
; Number detected on machine ; 2           ;
; Maximum allowed            ; 2           ;
;                            ;             ;
; Average used               ; 1.00        ;
; Maximum used               ; 2           ;
;                            ;             ;
; Usage by Processor         ; % Time Used ;
;     Processor 1            ; 100.0%      ;
;     Processor 2            ;   0.0%      ;
+----------------------------+-------------+


+-------------------------------------------------------------------------------------------------------------------------------------------+
; Analysis & Synthesis Source Files Read                                                                                                    ;
+----------------------------------+-----------------+-----------------+----------------------------------------------------------+---------+
; File Name with User-Entered Path ; Used in Netlist ; File Type       ; File Name with Absolute Path                             ; Library ;
+----------------------------------+-----------------+-----------------+----------------------------------------------------------+---------+
; vhdl/bat-rtl.vhd                 ; yes             ; User VHDL File  ; /home/student/Desktop/TP78/vhdl/bat-rtl.vhd              ;         ;
; vhdl/bat-entity.vhd              ; yes             ; User VHDL File  ; /home/student/Desktop/TP78/vhdl/bat-entity.vhd           ;         ;
; vhdl/score-rtl.vhd               ; yes             ; User VHDL File  ; /home/student/Desktop/TP78/vhdl/score-rtl.vhd            ;         ;
; vhdl/score-entity.vhd            ; yes             ; User VHDL File  ; /home/student/Desktop/TP78/vhdl/score-entity.vhd         ;         ;
; vhdl/dividerTp6-rtl.vhd          ; yes             ; User VHDL File  ; /home/student/Desktop/TP78/vhdl/dividerTp6-rtl.vhd       ;         ;
; vhdl/direction-rtl.vhd           ; yes             ; User VHDL File  ; /home/student/Desktop/TP78/vhdl/direction-rtl.vhd        ;         ;
; vhdl/movement-rtl.vhd            ; yes             ; User VHDL File  ; /home/student/Desktop/TP78/vhdl/movement-rtl.vhd         ;         ;
; vhdl/movement_full-rtl.vhd       ; yes             ; User VHDL File  ; /home/student/Desktop/TP78/vhdl/movement_full-rtl.vhd    ;         ;
; vhdl/pong-rtl.vhd                ; yes             ; User VHDL File  ; /home/student/Desktop/TP78/vhdl/pong-rtl.vhd             ;         ;
; vhdl/direction-entity.vhd        ; yes             ; User VHDL File  ; /home/student/Desktop/TP78/vhdl/direction-entity.vhd     ;         ;
; vhdl/movement-entity.vhd         ; yes             ; User VHDL File  ; /home/student/Desktop/TP78/vhdl/movement-entity.vhd      ;         ;
; vhdl/movement_full-entity.vhd    ; yes             ; User VHDL File  ; /home/student/Desktop/TP78/vhdl/movement_full-entity.vhd ;         ;
; vhdl/pong-entity.vhd             ; yes             ; User VHDL File  ; /home/student/Desktop/TP78/vhdl/pong-entity.vhd          ;         ;
; vhdl/divider-entity.vhd          ; yes             ; User VHDL File  ; /home/student/Desktop/TP78/vhdl/divider-entity.vhd       ;         ;
+----------------------------------+-----------------+-----------------+----------------------------------------------------------+---------+


+-----------------------------------------------------------+
; Analysis & Synthesis Resource Usage Summary               ;
+---------------------------------------------+-------------+
; Resource                                    ; Usage       ;
+---------------------------------------------+-------------+
; Estimated Total logic elements              ; 223         ;
;                                             ;             ;
; Total combinational functions               ; 223         ;
; Logic element usage by number of LUT inputs ;             ;
;     -- 4 input functions                    ; 88          ;
;     -- 3 input functions                    ; 31          ;
;     -- <=2 input functions                  ; 104         ;
;                                             ;             ;
; Logic elements by mode                      ;             ;
;     -- normal mode                          ; 199         ;
;     -- arithmetic mode                      ; 24          ;
;                                             ;             ;
; Total registers                             ; 62          ;
;     -- Dedicated logic registers            ; 62          ;
;     -- I/O registers                        ; 0           ;
;                                             ;             ;
; I/O pins                                    ; 128         ;
;                                             ;             ;
; Embedded Multiplier 9-bit elements          ; 0           ;
;                                             ;             ;
; Maximum fan-out node                        ; clock~input ;
; Maximum fan-out                             ; 62          ;
; Total fan-out                               ; 1057        ;
; Average fan-out                             ; 1.95        ;
+---------------------------------------------+-------------+


+----------------------------------------------------------------------------------------------------------------------------------------------------------------------------------------------------------------------------------------------+
; Analysis & Synthesis Resource Utilization by Entity                                                                                                                                                                                          ;
+----------------------------------+---------------------+---------------------------+-------------+--------------+---------+-----------+------+--------------+-------------------------------------------------+---------------+--------------+
; Compilation Hierarchy Node       ; Combinational ALUTs ; Dedicated Logic Registers ; Memory Bits ; DSP Elements ; DSP 9x9 ; DSP 18x18 ; Pins ; Virtual Pins ; Full Hierarchy Name                             ; Entity Name   ; Library Name ;
+----------------------------------+---------------------+---------------------------+-------------+--------------+---------+-----------+------+--------------+-------------------------------------------------+---------------+--------------+
; |pong                            ; 223 (73)            ; 62 (0)                    ; 0           ; 0            ; 0       ; 0         ; 128  ; 0            ; |pong                                           ; pong          ; work         ;
;    |clock_divider:clockDivider|  ; 35 (35)             ; 25 (25)                   ; 0           ; 0            ; 0       ; 0         ; 0    ; 0            ; |pong|clock_divider:clockDivider                ; clock_divider ; work         ;
;    |movement_full:movementFullX| ; 33 (0)              ; 13 (0)                    ; 0           ; 0            ; 0       ; 0         ; 0    ; 0            ; |pong|movement_full:movementFullX               ; movement_full ; work         ;
;       |direction:dir|            ; 1 (1)               ; 1 (1)                     ; 0           ; 0            ; 0       ; 0         ; 0    ; 0            ; |pong|movement_full:movementFullX|direction:dir ; direction     ; work         ;
;       |movement:mov|             ; 32 (32)             ; 12 (12)                   ; 0           ; 0            ; 0       ; 0         ; 0    ; 0            ; |pong|movement_full:movementFullX|movement:mov  ; movement      ; work         ;
;    |movement_full:movementFullY| ; 25 (0)              ; 10 (0)                    ; 0           ; 0            ; 0       ; 0         ; 0    ; 0            ; |pong|movement_full:movementFullY               ; movement_full ; work         ;
;       |direction:dir|            ; 1 (1)               ; 1 (1)                     ; 0           ; 0            ; 0       ; 0         ; 0    ; 0            ; |pong|movement_full:movementFullY|direction:dir ; direction     ; work         ;
;       |movement:mov|             ; 24 (24)             ; 9 (9)                     ; 0           ; 0            ; 0       ; 0         ; 0    ; 0            ; |pong|movement_full:movementFullY|movement:mov  ; movement      ; work         ;
;    |score:gameScore|             ; 57 (57)             ; 14 (14)                   ; 0           ; 0            ; 0       ; 0         ; 0    ; 0            ; |pong|score:gameScore                           ; score         ; work         ;
+----------------------------------+---------------------+---------------------------+-------------+--------------+---------+-----------+------+--------------+-------------------------------------------------+---------------+--------------+
Note: For table entries with two numbers listed, the numbers in parentheses indicate the number of resources of the given type used by the specific entity alone. The numbers listed outside of parentheses indicate the total resources of the given type used by the specific entity and all of its sub-entities in the hierarchy.


+---------------------------------------------------------------------------------+
; Registers Removed During Synthesis                                              ;
+----------------------------------------+----------------------------------------+
; Register name                          ; Reason for Removal                     ;
+----------------------------------------+----------------------------------------+
; bat:userBat|s_cur_state[3..5]          ; Stuck at VCC due to stuck port data_in ;
; bat:userBat|s_cur_state[0..2,6..8]     ; Stuck at GND due to stuck port data_in ;
; score:gameScore|s_cur_state_user[0]    ; Stuck at GND due to stuck port data_in ;
; score:gameScore|s_cur_state_sys[0]     ; Stuck at GND due to stuck port data_in ;
; Total Number of Removed Registers = 11 ;                                        ;
+----------------------------------------+----------------------------------------+


+-------------------------------------------------------------------------------------------------+
; Removed Registers Triggering Further Register Optimizations                                     ;
+----------------------------+---------------------------+----------------------------------------+
; Register name              ; Reason for Removal        ; Registers Removed due to This Register ;
+----------------------------+---------------------------+----------------------------------------+
; bat:userBat|s_cur_state[3] ; Stuck at VCC              ; score:gameScore|s_cur_state_sys[0]     ;
;                            ; due to stuck port data_in ;                                        ;
; bat:userBat|s_cur_state[2] ; Stuck at GND              ; score:gameScore|s_cur_state_user[0]    ;
;                            ; due to stuck port data_in ;                                        ;
+----------------------------+---------------------------+----------------------------------------+


+------------------------------------------------------+
; General Register Statistics                          ;
+----------------------------------------------+-------+
; Statistic                                    ; Value ;
+----------------------------------------------+-------+
; Total registers                              ; 62    ;
; Number of registers using Synchronous Clear  ; 7     ;
; Number of registers using Synchronous Load   ; 37    ;
; Number of registers using Asynchronous Clear ; 0     ;
; Number of registers using Asynchronous Load  ; 0     ;
; Number of registers using Clock Enable       ; 0     ;
; Number of registers using Preset             ; 0     ;
+----------------------------------------------+-------+


+-----------------------------------------------------------------------------------------------------------------------------------------------------------------------------+
; Multiplexer Restructuring Statistics (Restructuring Performed)                                                                                                              ;
+--------------------+-----------+---------------+----------------------+------------------------+------------+---------------------------------------------------------------+
; Multiplexer Inputs ; Bus Width ; Baseline Area ; Area if Restructured ; Saving if Restructured ; Registered ; Example Multiplexer Output                                    ;
+--------------------+-----------+---------------+----------------------+------------------------+------------+---------------------------------------------------------------+
; 3:1                ; 25 bits   ; 50 LEs        ; 50 LEs               ; 0 LEs                  ; Yes        ; |pong|clock_divider:clockDivider|s_current_state[8]           ;
; 4:1                ; 7 bits    ; 14 LEs        ; 14 LEs               ; 0 LEs                  ; Yes        ; |pong|movement_full:movementFullY|movement:mov|s_cur_state[1] ;
; 4:1                ; 10 bits   ; 20 LEs        ; 20 LEs               ; 0 LEs                  ; Yes        ; |pong|movement_full:movementFullX|movement:mov|s_cur_state[1] ;
+--------------------+-----------+---------------+----------------------+------------------------+------------+---------------------------------------------------------------+


+--------------------------------------------------------------------------+
; Parameter Settings for User Entity Instance: movement_full:movementFullY ;
+----------------+-----------+---------------------------------------------+
; Parameter Name ; Value     ; Type                                        ;
+----------------+-----------+---------------------------------------------+
; width          ; 9         ; Signed Integer                              ;
; init           ; 000100000 ; Unsigned Binary                             ;
+----------------+-----------+---------------------------------------------+
Note: In order to hide this table in the UI and the text report file, please set the "Show Parameter Settings in Synthesis Report" option in "Analysis and Synthesis Settings -> More Settings" to "Off".


+---------------------------------------------------------------------------------------+
; Parameter Settings for User Entity Instance: movement_full:movementFullY|movement:mov ;
+----------------+-----------+----------------------------------------------------------+
; Parameter Name ; Value     ; Type                                                     ;
+----------------+-----------+----------------------------------------------------------+
; width          ; 9         ; Signed Integer                                           ;
; init           ; 000100000 ; Unsigned Binary                                          ;
+----------------+-----------+----------------------------------------------------------+
Note: In order to hide this table in the UI and the text report file, please set the "Show Parameter Settings in Synthesis Report" option in "Analysis and Synthesis Settings -> More Settings" to "Off".


+--------------------------------------------------------------------------+
; Parameter Settings for User Entity Instance: movement_full:movementFullX ;
+----------------+--------------+------------------------------------------+
; Parameter Name ; Value        ; Type                                     ;
+----------------+--------------+------------------------------------------+
; width          ; 12           ; Signed Integer                           ;
; init           ; 000100000000 ; Unsigned Binary                          ;
+----------------+--------------+------------------------------------------+
Note: In order to hide this table in the UI and the text report file, please set the "Show Parameter Settings in Synthesis Report" option in "Analysis and Synthesis Settings -> More Settings" to "Off".


+---------------------------------------------------------------------------------------+
; Parameter Settings for User Entity Instance: movement_full:movementFullX|movement:mov ;
+----------------+--------------+-------------------------------------------------------+
; Parameter Name ; Value        ; Type                                                  ;
+----------------+--------------+-------------------------------------------------------+
; width          ; 12           ; Signed Integer                                        ;
; init           ; 000100000000 ; Unsigned Binary                                       ;
+----------------+--------------+-------------------------------------------------------+
Note: In order to hide this table in the UI and the text report file, please set the "Show Parameter Settings in Synthesis Report" option in "Analysis and Synthesis Settings -> More Settings" to "Off".


+-----------------------------------------------+
; Port Connectivity Checks: "bat:userBat"       ;
+-------------+-------+----------+--------------+
; Port        ; Type  ; Severity ; Details      ;
+-------------+-------+----------+--------------+
; button_up   ; Input ; Info     ; Stuck at GND ;
; button_down ; Input ; Info     ; Stuck at GND ;
+-------------+-------+----------+--------------+


+----------------------------------------------------------------------------------------------------------------+
; Port Connectivity Checks: "score:gameScore"                                                                    ;
+------+--------+----------+-------------------------------------------------------------------------------------+
; Port ; Type   ; Severity ; Details                                                                             ;
+------+--------+----------+-------------------------------------------------------------------------------------+
; over ; Output ; Info     ; Connected to dangling logic. Logic that only feeds a dangling port will be removed. ;
+------+--------+----------+-------------------------------------------------------------------------------------+


+----------------------------------------------------------------------------------------------------------------------+
; Port Connectivity Checks: "movement_full:movementFullX"                                                              ;
+------------+--------+----------+-------------------------------------------------------------------------------------+
; Port       ; Type   ; Severity ; Details                                                                             ;
+------------+--------+----------+-------------------------------------------------------------------------------------+
; ext_change ; Input  ; Info     ; Stuck at GND                                                                        ;
; dir_o      ; Output ; Info     ; Connected to dangling logic. Logic that only feeds a dangling port will be removed. ;
+------------+--------+----------+-------------------------------------------------------------------------------------+


+----------------------------------------------------------------------------------------------------------------------+
; Port Connectivity Checks: "movement_full:movementFullY"                                                              ;
+------------+--------+----------+-------------------------------------------------------------------------------------+
; Port       ; Type   ; Severity ; Details                                                                             ;
+------------+--------+----------+-------------------------------------------------------------------------------------+
; ext_change ; Input  ; Info     ; Stuck at GND                                                                        ;
; dir_o      ; Output ; Info     ; Connected to dangling logic. Logic that only feeds a dangling port will be removed. ;
+------------+--------+----------+-------------------------------------------------------------------------------------+


+-----------------------------------------------------+
; Post-Synthesis Netlist Statistics for Top Partition ;
+-----------------------+-----------------------------+
; Type                  ; Count                       ;
+-----------------------+-----------------------------+
; boundary_port         ; 128                         ;
; cycloneiii_ff         ; 62                          ;
;     SCLR              ; 7                           ;
;     SLD               ; 37                          ;
;     plain             ; 18                          ;
; cycloneiii_lcell_comb ; 224                         ;
;     arith             ; 24                          ;
;         2 data inputs ; 24                          ;
;     normal            ; 200                         ;
;         0 data inputs ; 2                           ;
;         1 data inputs ; 1                           ;
;         2 data inputs ; 78                          ;
;         3 data inputs ; 31                          ;
;         4 data inputs ; 88                          ;
;                       ;                             ;
; Max LUT depth         ; 7.00                        ;
; Average LUT depth     ; 3.87                        ;
+-----------------------+-----------------------------+


+-------------------------------+
; Elapsed Time Per Partition    ;
+----------------+--------------+
; Partition Name ; Elapsed Time ;
+----------------+--------------+
; Top            ; 00:00:01     ;
+----------------+--------------+


+-------------------------------+
; Analysis & Synthesis Messages ;
+-------------------------------+
Info: *******************************************************************
Info: Running Quartus Prime Analysis & Synthesis
    Info: Version 18.0.0 Build 614 04/24/2018 SJ Lite Edition
    Info: Processing started: Tue May  7 18:14:46 2019
Info: Command: quartus_map --read_settings_files=on --write_settings_files=off MovementTest3 -c pong
Warning (18236): Number of processors has not been specified which may cause overloading on shared machines.  Set the global assignment NUM_PARALLEL_PROCESSORS in your QSF to an appropriate value for best performance.
Info (20030): Parallel compilation is enabled and will use 2 of the 2 processors detected
Info (12021): Found 1 design units, including 0 entities, in source file vhdl/bat-rtl.vhd
    Info (12022): Found design unit 1: bat-rtl File: /home/student/Desktop/TP78/vhdl/bat-rtl.vhd Line: 1
Info (12021): Found 1 design units, including 1 entities, in source file vhdl/bat-entity.vhd
    Info (12023): Found entity 1: bat File: /home/student/Desktop/TP78/vhdl/bat-entity.vhd Line: 5
Info (12021): Found 1 design units, including 0 entities, in source file vhdl/score-rtl.vhd
    Info (12022): Found design unit 1: score-rtl File: /home/student/Desktop/TP78/vhdl/score-rtl.vhd Line: 1
Info (12021): Found 1 design units, including 1 entities, in source file vhdl/score-entity.vhd
    Info (12023): Found entity 1: score File: /home/student/Desktop/TP78/vhdl/score-entity.vhd Line: 5
Info (12021): Found 1 design units, including 0 entities, in source file vhdl/dividerTp6-rtl.vhd
    Info (12022): Found design unit 1: clock_divider-no_target_specific File: /home/student/Desktop/TP78/vhdl/dividerTp6-rtl.vhd Line: 1
Info (12021): Found 1 design units, including 0 entities, in source file vhdl/direction-rtl.vhd
    Info (12022): Found design unit 1: direction-rtl File: /home/student/Desktop/TP78/vhdl/direction-rtl.vhd Line: 1
Warning (12019): Can't analyze file -- file vhdl/divider-behavior.vhdl is missing
Info (12021): Found 1 design units, including 0 entities, in source file vhdl/movement-rtl.vhd
    Info (12022): Found design unit 1: movement-rtl File: /home/student/Desktop/TP78/vhdl/movement-rtl.vhd Line: 1
Info (12021): Found 1 design units, including 0 entities, in source file vhdl/movement_full-rtl.vhd
    Info (12022): Found design unit 1: movement_full-rtl File: /home/student/Desktop/TP78/vhdl/movement_full-rtl.vhd Line: 1
Info (12021): Found 1 design units, including 0 entities, in source file vhdl/pong-rtl.vhd
    Info (12022): Found design unit 1: pong-rtl File: /home/student/Desktop/TP78/vhdl/pong-rtl.vhd Line: 1
Info (12021): Found 1 design units, including 1 entities, in source file vhdl/direction-entity.vhd
    Info (12023): Found entity 1: direction File: /home/student/Desktop/TP78/vhdl/direction-entity.vhd Line: 4
Warning (12019): Can't analyze file -- file vhdl/divider-entity.vhdl is missing
Info (12021): Found 1 design units, including 1 entities, in source file vhdl/movement-entity.vhd
    Info (12023): Found entity 1: movement File: /home/student/Desktop/TP78/vhdl/movement-entity.vhd Line: 5
Info (12021): Found 1 design units, including 1 entities, in source file vhdl/movement_full-entity.vhd
    Info (12023): Found entity 1: movement_full File: /home/student/Desktop/TP78/vhdl/movement_full-entity.vhd Line: 4
Info (12021): Found 1 design units, including 1 entities, in source file vhdl/pong-entity.vhd
    Info (12023): Found entity 1: pong File: /home/student/Desktop/TP78/vhdl/pong-entity.vhd Line: 4
Info (12021): Found 1 design units, including 1 entities, in source file vhdl/divider-entity.vhd
    Info (12023): Found entity 1: clock_divider File: /home/student/Desktop/TP78/vhdl/divider-entity.vhd Line: 5
Info (12127): Elaborating entity "pong" for the top level hierarchy
Warning (10540): VHDL Signal Declaration warning at pong-rtl.vhd(44): used explicit default value for signal "s_ext_change" because signal was never assigned a value File: /home/student/Desktop/TP78/vhdl/pong-rtl.vhd Line: 44
Warning (10036): Verilog HDL or VHDL warning at pong-rtl.vhd(45): object "s_dir_X" assigned a value but never read File: /home/student/Desktop/TP78/vhdl/pong-rtl.vhd Line: 45
Warning (10036): Verilog HDL or VHDL warning at pong-rtl.vhd(45): object "s_dir_Y" assigned a value but never read File: /home/student/Desktop/TP78/vhdl/pong-rtl.vhd Line: 45
Warning (10036): Verilog HDL or VHDL warning at pong-rtl.vhd(48): object "s_over" assigned a value but never read File: /home/student/Desktop/TP78/vhdl/pong-rtl.vhd Line: 48
Warning (10540): VHDL Signal Declaration warning at pong-rtl.vhd(50): used explicit default value for signal "s_button_up" because signal was never assigned a value File: /home/student/Desktop/TP78/vhdl/pong-rtl.vhd Line: 50
Warning (10540): VHDL Signal Declaration warning at pong-rtl.vhd(50): used explicit default value for signal "s_button_down" because signal was never assigned a value File: /home/student/Desktop/TP78/vhdl/pong-rtl.vhd Line: 50
Info (12128): Elaborating entity "movement_full" for hierarchy "movement_full:movementFullY" File: /home/student/Desktop/TP78/vhdl/pong-rtl.vhd Line: 57
Info (12128): Elaborating entity "movement" for hierarchy "movement_full:movementFullY|movement:mov" File: /home/student/Desktop/TP78/vhdl/movement_full-rtl.vhd Line: 32
Info (12128): Elaborating entity "direction" for hierarchy "movement_full:movementFullY|direction:dir" File: /home/student/Desktop/TP78/vhdl/movement_full-rtl.vhd Line: 47
Info (12128): Elaborating entity "movement_full" for hierarchy "movement_full:movementFullX" File: /home/student/Desktop/TP78/vhdl/pong-rtl.vhd Line: 71
Info (12128): Elaborating entity "movement" for hierarchy "movement_full:movementFullX|movement:mov" File: /home/student/Desktop/TP78/vhdl/movement_full-rtl.vhd Line: 32
Info (12128): Elaborating entity "score" for hierarchy "score:gameScore" File: /home/student/Desktop/TP78/vhdl/pong-rtl.vhd Line: 87
Info (12128): Elaborating entity "bat" for hierarchy "bat:userBat" File: /home/student/Desktop/TP78/vhdl/pong-rtl.vhd Line: 98
Info (12128): Elaborating entity "clock_divider" for hierarchy "clock_divider:clockDivider" File: /home/student/Desktop/TP78/vhdl/pong-rtl.vhd Line: 113
Warning (13024): Output pins are stuck at VCC or GND
    Warning (13410): Pin "playfield[36]" is stuck at VCC File: /home/student/Desktop/TP78/vhdl/pong-entity.vhd Line: 9
    Warning (13410): Pin "playfield[37]" is stuck at VCC File: /home/student/Desktop/TP78/vhdl/pong-entity.vhd Line: 9
    Warning (13410): Pin "playfield[38]" is stuck at VCC File: /home/student/Desktop/TP78/vhdl/pong-entity.vhd Line: 9
    Warning (13410): Pin "playfield[39]" is stuck at VCC File: /home/student/Desktop/TP78/vhdl/pong-entity.vhd Line: 9
    Warning (13410): Pin "playfield[40]" is stuck at VCC File: /home/student/Desktop/TP78/vhdl/pong-entity.vhd Line: 9
    Warning (13410): Pin "playfield[41]" is stuck at VCC File: /home/student/Desktop/TP78/vhdl/pong-entity.vhd Line: 9
    Warning (13410): Pin "playfield[42]" is stuck at VCC File: /home/student/Desktop/TP78/vhdl/pong-entity.vhd Line: 9
    Warning (13410): Pin "playfield[43]" is stuck at VCC File: /home/student/Desktop/TP78/vhdl/pong-entity.vhd Line: 9
    Warning (13410): Pin "playfield[44]" is stuck at VCC File: /home/student/Desktop/TP78/vhdl/pong-entity.vhd Line: 9
    Warning (13410): Pin "playfield[45]" is stuck at VCC File: /home/student/Desktop/TP78/vhdl/pong-entity.vhd Line: 9
    Warning (13410): Pin "playfield[46]" is stuck at VCC File: /home/student/Desktop/TP78/vhdl/pong-entity.vhd Line: 9
    Warning (13410): Pin "playfield[47]" is stuck at VCC File: /home/student/Desktop/TP78/vhdl/pong-entity.vhd Line: 9
    Warning (13410): Pin "playfield[48]" is stuck at VCC File: /home/student/Desktop/TP78/vhdl/pong-entity.vhd Line: 9
    Warning (13410): Pin "playfield[49]" is stuck at VCC File: /home/student/Desktop/TP78/vhdl/pong-entity.vhd Line: 9
    Warning (13410): Pin "playfield[50]" is stuck at VCC File: /home/student/Desktop/TP78/vhdl/pong-entity.vhd Line: 9
    Warning (13410): Pin "playfield[51]" is stuck at VCC File: /home/student/Desktop/TP78/vhdl/pong-entity.vhd Line: 9
    Warning (13410): Pin "playfield[52]" is stuck at VCC File: /home/student/Desktop/TP78/vhdl/pong-entity.vhd Line: 9
    Warning (13410): Pin "playfield[53]" is stuck at VCC File: /home/student/Desktop/TP78/vhdl/pong-entity.vhd Line: 9
    Warning (13410): Pin "playfield[54]" is stuck at VCC File: /home/student/Desktop/TP78/vhdl/pong-entity.vhd Line: 9
    Warning (13410): Pin "playfield[55]" is stuck at VCC File: /home/student/Desktop/TP78/vhdl/pong-entity.vhd Line: 9
    Warning (13410): Pin "playfield[56]" is stuck at VCC File: /home/student/Desktop/TP78/vhdl/pong-entity.vhd Line: 9
    Warning (13410): Pin "playfield[57]" is stuck at VCC File: /home/student/Desktop/TP78/vhdl/pong-entity.vhd Line: 9
    Warning (13410): Pin "playfield[58]" is stuck at VCC File: /home/student/Desktop/TP78/vhdl/pong-entity.vhd Line: 9
    Warning (13410): Pin "playfield[59]" is stuck at VCC File: /home/student/Desktop/TP78/vhdl/pong-entity.vhd Line: 9
    Warning (13410): Pin "playfield[60]" is stuck at VCC File: /home/student/Desktop/TP78/vhdl/pong-entity.vhd Line: 9
    Warning (13410): Pin "playfield[61]" is stuck at VCC File: /home/student/Desktop/TP78/vhdl/pong-entity.vhd Line: 9
    Warning (13410): Pin "playfield[62]" is stuck at VCC File: /home/student/Desktop/TP78/vhdl/pong-entity.vhd Line: 9
    Warning (13410): Pin "playfield[63]" is stuck at VCC File: /home/student/Desktop/TP78/vhdl/pong-entity.vhd Line: 9
    Warning (13410): Pin "playfield[64]" is stuck at VCC File: /home/student/Desktop/TP78/vhdl/pong-entity.vhd Line: 9
    Warning (13410): Pin "playfield[65]" is stuck at VCC File: /home/student/Desktop/TP78/vhdl/pong-entity.vhd Line: 9
    Warning (13410): Pin "playfield[66]" is stuck at VCC File: /home/student/Desktop/TP78/vhdl/pong-entity.vhd Line: 9
    Warning (13410): Pin "playfield[67]" is stuck at VCC File: /home/student/Desktop/TP78/vhdl/pong-entity.vhd Line: 9
    Warning (13410): Pin "playfield[68]" is stuck at VCC File: /home/student/Desktop/TP78/vhdl/pong-entity.vhd Line: 9
    Warning (13410): Pin "playfield[69]" is stuck at VCC File: /home/student/Desktop/TP78/vhdl/pong-entity.vhd Line: 9
    Warning (13410): Pin "playfield[70]" is stuck at VCC File: /home/student/Desktop/TP78/vhdl/pong-entity.vhd Line: 9
    Warning (13410): Pin "playfield[71]" is stuck at VCC File: /home/student/Desktop/TP78/vhdl/pong-entity.vhd Line: 9
    Warning (13410): Pin "user[0]" is stuck at GND File: /home/student/Desktop/TP78/vhdl/pong-entity.vhd Line: 10
    Warning (13410): Pin "sys[0]" is stuck at GND File: /home/student/Desktop/TP78/vhdl/pong-entity.vhd Line: 11
Info (286030): Timing-Driven Synthesis is running
Info (16010): Generating hard_block partition "hard_block:auto_generated_inst"
    Info (16011): Adding 0 node(s), including 0 DDIO, 0 PLL, 0 transceiver and 0 LCELL
Warning (21074): Design contains 2 input pin(s) that do not drive logic
    Warning (15610): No output dependent on input pin "n_button_up" File: /home/student/Desktop/TP78/vhdl/pong-entity.vhd Line: 5
    Warning (15610): No output dependent on input pin "n_button_down" File: /home/student/Desktop/TP78/vhdl/pong-entity.vhd Line: 6
Info (21057): Implemented 351 device resources after synthesis - the final resource count might be different
    Info (21058): Implemented 4 input pins
    Info (21059): Implemented 124 output pins
    Info (21061): Implemented 223 logic cells
Info: Quartus Prime Analysis & Synthesis was successful. 0 errors, 51 warnings
    Info: Peak virtual memory: 963 megabytes
    Info: Processing ended: Tue May  7 18:15:11 2019
    Info: Elapsed time: 00:00:25
    Info: Total CPU time (on all processors): 00:00:30


